<?xml version="1.0" encoding="UTF-8"?>
<!-- Generated by org.testng.reporters.JUnitXMLReporter -->
<testsuite ignored="1" hostname="LAPTOP-HM8TA1NR" failures="0" tests="4" name="Test" time="0.07" errors="0" timestamp="2020-07-02T22:37:20 IST">
  <testcase classname="pkg.DemoTest" name="AssertAllmethods" time="0.012"/>
  <testcase classname="pkg.DemoTest" name="DataProviderMethod" time="0.011"/>
  <testcase classname="pkg.DemoTest" name="Parameter_method" time="0.01"/>
  <testcase classname="pkg.DemoTest" name="DataProviderMethod" time="0.001"/>
  <testcase classname="pkg.DemoTest" name="gamma_method" time="0.0">
    <ignored/>
  </testcase> <!-- gamma_method -->
</testsuite> <!-- Test -->
